This file contains any messages produced by compilers while
running configure, to aid debugging if configure makes a mistake.

It was created by powmon configure 1.1.b, which was
generated by GNU Autoconf 2.69.  Invocation command line was

  $ ./configure 

## --------- ##
## Platform. ##
## --------- ##

hostname = tilde
uname -m = x86_64
uname -r = 3.13.0-48-generic
uname -s = Linux
uname -v = #80-Ubuntu SMP Thu Mar 12 11:16:15 UTC 2015

/usr/bin/uname -p = unknown
/bin/uname -X     = unknown

/bin/arch              = unknown
/usr/bin/arch -k       = unknown
/usr/convex/getsysinfo = unknown
/usr/bin/hostinfo      = unknown
/bin/machine           = unknown
/usr/bin/oslevel       = unknown
/bin/universe          = unknown

PATH: /usr/local/sbin
PATH: /usr/local/bin
PATH: /usr/sbin
PATH: /usr/bin
PATH: /sbin
PATH: /bin


## ----------- ##
## Core tests. ##
## ----------- ##

configure:2125: checking for a BSD-compatible install
configure:2193: result: /usr/bin/install -c
configure:2204: checking whether build environment is sane
configure:2259: result: yes
configure:2410: checking for a thread-safe mkdir -p
configure:2449: result: /bin/mkdir -p
configure:2456: checking for gawk
configure:2486: result: no
configure:2456: checking for mawk
configure:2472: found /usr/bin/mawk
configure:2483: result: mawk
configure:2494: checking whether make sets $(MAKE)
configure:2516: result: yes
configure:2545: checking whether make supports nested variables
configure:2562: result: yes
configure:2704: checking for style of include used by make
configure:2732: result: GNU
configure:2803: checking for gcc
configure:2819: found /usr/bin/gcc
configure:2830: result: gcc
configure:3059: checking for C compiler version
configure:3068: gcc --version >&5
gcc (Ubuntu 4.8.2-19ubuntu1) 4.8.2
Copyright (C) 2013 Free Software Foundation, Inc.
This is free software; see the source for copying conditions.  There is NO
warranty; not even for MERCHANTABILITY or FITNESS FOR A PARTICULAR PURPOSE.

configure:3079: $? = 0
configure:3068: gcc -v >&5
Using built-in specs.
COLLECT_GCC=gcc
COLLECT_LTO_WRAPPER=/usr/lib/gcc/x86_64-linux-gnu/4.8/lto-wrapper
Target: x86_64-linux-gnu
Configured with: ../src/configure -v --with-pkgversion='Ubuntu 4.8.2-19ubuntu1' --with-bugurl=file:///usr/share/doc/gcc-4.8/README.Bugs --enable-languages=c,c++,java,go,d,fortran,objc,obj-c++ --prefix=/usr --program-suffix=-4.8 --enable-shared --enable-linker-build-id --libexecdir=/usr/lib --without-included-gettext --enable-threads=posix --with-gxx-include-dir=/usr/include/c++/4.8 --libdir=/usr/lib --enable-nls --with-sysroot=/ --enable-clocale=gnu --enable-libstdcxx-debug --enable-libstdcxx-time=yes --enable-gnu-unique-object --disable-libmudflap --enable-plugin --with-system-zlib --disable-browser-plugin --enable-java-awt=gtk --enable-gtk-cairo --with-java-home=/usr/lib/jvm/java-1.5.0-gcj-4.8-amd64/jre --enable-java-home --with-jvm-root-dir=/usr/lib/jvm/java-1.5.0-gcj-4.8-amd64 --with-jvm-jar-dir=/usr/lib/jvm-exports/java-1.5.0-gcj-4.8-amd64 --with-arch-directory=amd64 --with-ecj-jar=/usr/share/java/eclipse-ecj.jar --enable-objc-gc --enable-multiarch --disable-werror --with-arch-32=i686 --with-abi=m64 --with-multilib-list=m32,m64,mx32 --with-tune=generic --enable-checking=release --build=x86_64-linux-gnu --host=x86_64-linux-gnu --target=x86_64-linux-gnu
Thread model: posix
gcc version 4.8.2 (Ubuntu 4.8.2-19ubuntu1) 
configure:3079: $? = 0
configure:3068: gcc -V >&5
gcc: error: unrecognized command line option '-V'
gcc: fatal error: no input files
compilation terminated.
configure:3079: $? = 4
configure:3068: gcc -qversion >&5
gcc: error: unrecognized command line option '-qversion'
gcc: fatal error: no input files
compilation terminated.
configure:3079: $? = 4
configure:3099: checking whether the C compiler works
configure:3121: gcc    conftest.c  >&5
configure:3125: $? = 0
configure:3173: result: yes
configure:3176: checking for C compiler default output file name
configure:3178: result: a.out
configure:3184: checking for suffix of executables
configure:3191: gcc -o conftest    conftest.c  >&5
configure:3195: $? = 0
configure:3217: result: 
configure:3239: checking whether we are cross compiling
configure:3247: gcc -o conftest    conftest.c  >&5
configure:3251: $? = 0
configure:3258: ./conftest
configure:3262: $? = 0
configure:3277: result: no
configure:3282: checking for suffix of object files
configure:3304: gcc -c   conftest.c >&5
configure:3308: $? = 0
configure:3329: result: o
configure:3333: checking whether we are using the GNU C compiler
configure:3352: gcc -c   conftest.c >&5
configure:3352: $? = 0
configure:3361: result: yes
configure:3370: checking whether gcc accepts -g
configure:3390: gcc -c -g  conftest.c >&5
configure:3390: $? = 0
configure:3431: result: yes
configure:3448: checking for gcc option to accept ISO C89
configure:3511: gcc  -c -g -O2  conftest.c >&5
configure:3511: $? = 0
configure:3524: result: none needed
configure:3549: checking whether gcc understands -c and -o together
configure:3571: gcc -c conftest.c -o conftest2.o
configure:3574: $? = 0
configure:3571: gcc -c conftest.c -o conftest2.o
configure:3574: $? = 0
configure:3586: result: yes
configure:3605: checking dependency style of gcc
configure:3716: result: gcc3
configure:3737: checking how to run the C preprocessor
configure:3768: gcc -E  conftest.c
configure:3768: $? = 0
configure:3782: gcc -E  conftest.c
conftest.c:11:28: fatal error: ac_nonexistent.h: No such file or directory
 #include <ac_nonexistent.h>
                            ^
compilation terminated.
configure:3782: $? = 1
configure: failed program was:
| /* confdefs.h */
| #define PACKAGE_NAME "powmon"
| #define PACKAGE_TARNAME "powmon"
| #define PACKAGE_VERSION "1.1.b"
| #define PACKAGE_STRING "powmon 1.1.b"
| #define PACKAGE_BUGREPORT "dellswor@cs.uoregon.edu"
| #define PACKAGE_URL ""
| #define PACKAGE "powmon"
| #define VERSION "1.1.b"
| /* end confdefs.h.  */
| #include <ac_nonexistent.h>
configure:3807: result: gcc -E
configure:3827: gcc -E  conftest.c
configure:3827: $? = 0
configure:3841: gcc -E  conftest.c
conftest.c:11:28: fatal error: ac_nonexistent.h: No such file or directory
 #include <ac_nonexistent.h>
                            ^
compilation terminated.
configure:3841: $? = 1
configure: failed program was:
| /* confdefs.h */
| #define PACKAGE_NAME "powmon"
| #define PACKAGE_TARNAME "powmon"
| #define PACKAGE_VERSION "1.1.b"
| #define PACKAGE_STRING "powmon 1.1.b"
| #define PACKAGE_BUGREPORT "dellswor@cs.uoregon.edu"
| #define PACKAGE_URL ""
| #define PACKAGE "powmon"
| #define VERSION "1.1.b"
| /* end confdefs.h.  */
| #include <ac_nonexistent.h>
configure:3870: checking for grep that handles long lines and -e
configure:3928: result: /bin/grep
configure:3933: checking for egrep
configure:3995: result: /bin/grep -E
configure:4000: checking for ANSI C header files
configure:4020: gcc -c -g -O2  conftest.c >&5
configure:4020: $? = 0
configure:4093: gcc -o conftest -g -O2   conftest.c  >&5
configure:4093: $? = 0
configure:4093: ./conftest
configure:4093: $? = 0
configure:4104: result: yes
configure:4117: checking for sys/types.h
configure:4117: gcc -c -g -O2  conftest.c >&5
configure:4117: $? = 0
configure:4117: result: yes
configure:4117: checking for sys/stat.h
configure:4117: gcc -c -g -O2  conftest.c >&5
configure:4117: $? = 0
configure:4117: result: yes
configure:4117: checking for stdlib.h
configure:4117: gcc -c -g -O2  conftest.c >&5
configure:4117: $? = 0
configure:4117: result: yes
configure:4117: checking for string.h
configure:4117: gcc -c -g -O2  conftest.c >&5
configure:4117: $? = 0
configure:4117: result: yes
configure:4117: checking for memory.h
configure:4117: gcc -c -g -O2  conftest.c >&5
configure:4117: $? = 0
configure:4117: result: yes
configure:4117: checking for strings.h
configure:4117: gcc -c -g -O2  conftest.c >&5
configure:4117: $? = 0
configure:4117: result: yes
configure:4117: checking for inttypes.h
configure:4117: gcc -c -g -O2  conftest.c >&5
configure:4117: $? = 0
configure:4117: result: yes
configure:4117: checking for stdint.h
configure:4117: gcc -c -g -O2  conftest.c >&5
configure:4117: $? = 0
configure:4117: result: yes
configure:4117: checking for unistd.h
configure:4117: gcc -c -g -O2  conftest.c >&5
configure:4117: $? = 0
configure:4117: result: yes
configure:4134: checking include/memhdlr.h usability
configure:4134: gcc -c -g -O2  conftest.c >&5
conftest.c:54:29: fatal error: include/memhdlr.h: No such file or directory
 #include <include/memhdlr.h>
                             ^
compilation terminated.
configure:4134: $? = 1
configure: failed program was:
| /* confdefs.h */
| #define PACKAGE_NAME "powmon"
| #define PACKAGE_TARNAME "powmon"
| #define PACKAGE_VERSION "1.1.b"
| #define PACKAGE_STRING "powmon 1.1.b"
| #define PACKAGE_BUGREPORT "dellswor@cs.uoregon.edu"
| #define PACKAGE_URL ""
| #define PACKAGE "powmon"
| #define VERSION "1.1.b"
| #define STDC_HEADERS 1
| #define HAVE_SYS_TYPES_H 1
| #define HAVE_SYS_STAT_H 1
| #define HAVE_STDLIB_H 1
| #define HAVE_STRING_H 1
| #define HAVE_MEMORY_H 1
| #define HAVE_STRINGS_H 1
| #define HAVE_INTTYPES_H 1
| #define HAVE_STDINT_H 1
| #define HAVE_UNISTD_H 1
| /* end confdefs.h.  */
| #include <stdio.h>
| #ifdef HAVE_SYS_TYPES_H
| # include <sys/types.h>
| #endif
| #ifdef HAVE_SYS_STAT_H
| # include <sys/stat.h>
| #endif
| #ifdef STDC_HEADERS
| # include <stdlib.h>
| # include <stddef.h>
| #else
| # ifdef HAVE_STDLIB_H
| #  include <stdlib.h>
| # endif
| #endif
| #ifdef HAVE_STRING_H
| # if !defined STDC_HEADERS && defined HAVE_MEMORY_H
| #  include <memory.h>
| # endif
| # include <string.h>
| #endif
| #ifdef HAVE_STRINGS_H
| # include <strings.h>
| #endif
| #ifdef HAVE_INTTYPES_H
| # include <inttypes.h>
| #endif
| #ifdef HAVE_STDINT_H
| # include <stdint.h>
| #endif
| #ifdef HAVE_UNISTD_H
| # include <unistd.h>
| #endif
| #include <include/memhdlr.h>
configure:4134: result: no
configure:4134: checking include/memhdlr.h presence
configure:4134: gcc -E  conftest.c
conftest.c:21:29: fatal error: include/memhdlr.h: No such file or directory
 #include <include/memhdlr.h>
                             ^
compilation terminated.
configure:4134: $? = 1
configure: failed program was:
| /* confdefs.h */
| #define PACKAGE_NAME "powmon"
| #define PACKAGE_TARNAME "powmon"
| #define PACKAGE_VERSION "1.1.b"
| #define PACKAGE_STRING "powmon 1.1.b"
| #define PACKAGE_BUGREPORT "dellswor@cs.uoregon.edu"
| #define PACKAGE_URL ""
| #define PACKAGE "powmon"
| #define VERSION "1.1.b"
| #define STDC_HEADERS 1
| #define HAVE_SYS_TYPES_H 1
| #define HAVE_SYS_STAT_H 1
| #define HAVE_STDLIB_H 1
| #define HAVE_STRING_H 1
| #define HAVE_MEMORY_H 1
| #define HAVE_STRINGS_H 1
| #define HAVE_INTTYPES_H 1
| #define HAVE_STDINT_H 1
| #define HAVE_UNISTD_H 1
| /* end confdefs.h.  */
| #include <include/memhdlr.h>
configure:4134: result: no
configure:4134: checking for include/memhdlr.h
configure:4134: result: no
configure:4150: checking include/msr_rapl.h usability
configure:4150: gcc -c -g -O2  conftest.c >&5
conftest.c:54:30: fatal error: include/msr_rapl.h: No such file or directory
 #include <include/msr_rapl.h>
                              ^
compilation terminated.
configure:4150: $? = 1
configure: failed program was:
| /* confdefs.h */
| #define PACKAGE_NAME "powmon"
| #define PACKAGE_TARNAME "powmon"
| #define PACKAGE_VERSION "1.1.b"
| #define PACKAGE_STRING "powmon 1.1.b"
| #define PACKAGE_BUGREPORT "dellswor@cs.uoregon.edu"
| #define PACKAGE_URL ""
| #define PACKAGE "powmon"
| #define VERSION "1.1.b"
| #define STDC_HEADERS 1
| #define HAVE_SYS_TYPES_H 1
| #define HAVE_SYS_STAT_H 1
| #define HAVE_STDLIB_H 1
| #define HAVE_STRING_H 1
| #define HAVE_MEMORY_H 1
| #define HAVE_STRINGS_H 1
| #define HAVE_INTTYPES_H 1
| #define HAVE_STDINT_H 1
| #define HAVE_UNISTD_H 1
| /* end confdefs.h.  */
| #include <stdio.h>
| #ifdef HAVE_SYS_TYPES_H
| # include <sys/types.h>
| #endif
| #ifdef HAVE_SYS_STAT_H
| # include <sys/stat.h>
| #endif
| #ifdef STDC_HEADERS
| # include <stdlib.h>
| # include <stddef.h>
| #else
| # ifdef HAVE_STDLIB_H
| #  include <stdlib.h>
| # endif
| #endif
| #ifdef HAVE_STRING_H
| # if !defined STDC_HEADERS && defined HAVE_MEMORY_H
| #  include <memory.h>
| # endif
| # include <string.h>
| #endif
| #ifdef HAVE_STRINGS_H
| # include <strings.h>
| #endif
| #ifdef HAVE_INTTYPES_H
| # include <inttypes.h>
| #endif
| #ifdef HAVE_STDINT_H
| # include <stdint.h>
| #endif
| #ifdef HAVE_UNISTD_H
| # include <unistd.h>
| #endif
| #include <include/msr_rapl.h>
configure:4150: result: no
configure:4150: checking include/msr_rapl.h presence
configure:4150: gcc -E  conftest.c
conftest.c:21:30: fatal error: include/msr_rapl.h: No such file or directory
 #include <include/msr_rapl.h>
                              ^
compilation terminated.
configure:4150: $? = 1
configure: failed program was:
| /* confdefs.h */
| #define PACKAGE_NAME "powmon"
| #define PACKAGE_TARNAME "powmon"
| #define PACKAGE_VERSION "1.1.b"
| #define PACKAGE_STRING "powmon 1.1.b"
| #define PACKAGE_BUGREPORT "dellswor@cs.uoregon.edu"
| #define PACKAGE_URL ""
| #define PACKAGE "powmon"
| #define VERSION "1.1.b"
| #define STDC_HEADERS 1
| #define HAVE_SYS_TYPES_H 1
| #define HAVE_SYS_STAT_H 1
| #define HAVE_STDLIB_H 1
| #define HAVE_STRING_H 1
| #define HAVE_MEMORY_H 1
| #define HAVE_STRINGS_H 1
| #define HAVE_INTTYPES_H 1
| #define HAVE_STDINT_H 1
| #define HAVE_UNISTD_H 1
| /* end confdefs.h.  */
| #include <include/msr_rapl.h>
configure:4150: result: no
configure:4150: checking for include/msr_rapl.h
configure:4150: result: no
configure:4190: checking for library containing clock_gettime
configure:4221: gcc -o conftest -g -O2   conftest.c  >&5
configure:4221: $? = 0
configure:4238: result: none required
configure:4360: checking that generated files are newer than configure
configure:4366: result: done
configure:4397: creating ./config.status

## ---------------------- ##
## Running config.status. ##
## ---------------------- ##

This file was extended by powmon config.status 1.1.b, which was
generated by GNU Autoconf 2.69.  Invocation command line was

  CONFIG_FILES    = 
  CONFIG_HEADERS  = 
  CONFIG_LINKS    = 
  CONFIG_COMMANDS = 
  $ ./config.status 

on tilde

config.status:857: creating Makefile
config.status:857: creating src/Makefile
config.status:857: creating config.h
config.status:1086: executing depfiles commands

## ---------------- ##
## Cache variables. ##
## ---------------- ##

ac_cv_c_compiler_gnu=yes
ac_cv_env_CC_set=
ac_cv_env_CC_value=
ac_cv_env_CFLAGS_set=
ac_cv_env_CFLAGS_value=
ac_cv_env_CPPFLAGS_set=
ac_cv_env_CPPFLAGS_value=
ac_cv_env_CPP_set=
ac_cv_env_CPP_value=
ac_cv_env_LDFLAGS_set=
ac_cv_env_LDFLAGS_value=
ac_cv_env_LIBS_set=
ac_cv_env_LIBS_value=
ac_cv_env_build_alias_set=
ac_cv_env_build_alias_value=
ac_cv_env_host_alias_set=
ac_cv_env_host_alias_value=
ac_cv_env_target_alias_set=
ac_cv_env_target_alias_value=
ac_cv_header_include_memhdlr_h=no
ac_cv_header_include_msr_rapl_h=no
ac_cv_header_inttypes_h=yes
ac_cv_header_memory_h=yes
ac_cv_header_stdc=yes
ac_cv_header_stdint_h=yes
ac_cv_header_stdlib_h=yes
ac_cv_header_string_h=yes
ac_cv_header_strings_h=yes
ac_cv_header_sys_stat_h=yes
ac_cv_header_sys_types_h=yes
ac_cv_header_unistd_h=yes
ac_cv_objext=o
ac_cv_path_EGREP='/bin/grep -E'
ac_cv_path_GREP=/bin/grep
ac_cv_path_install='/usr/bin/install -c'
ac_cv_path_mkdir=/bin/mkdir
ac_cv_prog_AWK=mawk
ac_cv_prog_CPP='gcc -E'
ac_cv_prog_ac_ct_CC=gcc
ac_cv_prog_cc_c89=
ac_cv_prog_cc_g=yes
ac_cv_prog_make_make_set=yes
ac_cv_search_clock_gettime='none required'
am_cv_CC_dependencies_compiler_type=gcc3
am_cv_make_support_nested_variables=yes
am_cv_prog_cc_c_o=yes

## ----------------- ##
## Output variables. ##
## ----------------- ##

ACLOCAL='${SHELL} /local/saeid/libmsr/demoapps/powmon/missing aclocal-1.14'
AMDEPBACKSLASH='\'
AMDEP_FALSE='#'
AMDEP_TRUE=''
AMTAR='$${TAR-tar}'
AM_BACKSLASH='\'
AM_DEFAULT_V='$(AM_DEFAULT_VERBOSITY)'
AM_DEFAULT_VERBOSITY='1'
AM_V='$(V)'
AUTOCONF='${SHELL} /local/saeid/libmsr/demoapps/powmon/missing autoconf'
AUTOHEADER='${SHELL} /local/saeid/libmsr/demoapps/powmon/missing autoheader'
AUTOMAKE='${SHELL} /local/saeid/libmsr/demoapps/powmon/missing automake-1.14'
AWK='mawk'
CC='gcc'
CCDEPMODE='depmode=gcc3'
CFLAGS='-g -O2'
CPP='gcc -E'
CPPFLAGS=''
CYGPATH_W='echo'
DEFS='-DHAVE_CONFIG_H'
DEPDIR='.deps'
ECHO_C=''
ECHO_N='-n'
ECHO_T=''
EGREP='/bin/grep -E'
EXEEXT=''
GREP='/bin/grep'
HAVE_LIBMSR1_FALSE=''
HAVE_LIBMSR1_TRUE='#'
HAVE_LIBMSR2_FALSE=''
HAVE_LIBMSR2_TRUE='#'
INSTALL_DATA='${INSTALL} -m 644'
INSTALL_PROGRAM='${INSTALL}'
INSTALL_SCRIPT='${INSTALL}'
INSTALL_STRIP_PROGRAM='$(install_sh) -c -s'
LDFLAGS=''
LIBOBJS=''
LIBS=''
LTLIBOBJS=''
MAKEINFO='${SHELL} /local/saeid/libmsr/demoapps/powmon/missing makeinfo'
MKDIR_P='/bin/mkdir -p'
OBJEXT='o'
PACKAGE='powmon'
PACKAGE_BUGREPORT='dellswor@cs.uoregon.edu'
PACKAGE_NAME='powmon'
PACKAGE_STRING='powmon 1.1.b'
PACKAGE_TARNAME='powmon'
PACKAGE_URL=''
PACKAGE_VERSION='1.1.b'
PATH_SEPARATOR=':'
SET_MAKE=''
SHELL='/bin/bash'
STRIP=''
VERSION='1.1.b'
ac_ct_CC='gcc'
am__EXEEXT_FALSE=''
am__EXEEXT_TRUE='#'
am__fastdepCC_FALSE='#'
am__fastdepCC_TRUE=''
am__include='include'
am__isrc=''
am__leading_dot='.'
am__nodep='_no'
am__quote=''
am__tar='$${TAR-tar} chof - "$$tardir"'
am__untar='$${TAR-tar} xf -'
bindir='${exec_prefix}/bin'
build_alias=''
datadir='${datarootdir}'
datarootdir='${prefix}/share'
docdir='${datarootdir}/doc/${PACKAGE_TARNAME}'
dvidir='${docdir}'
exec_prefix='${prefix}'
host_alias=''
htmldir='${docdir}'
includedir='${prefix}/include'
infodir='${datarootdir}/info'
install_sh='${SHELL} /local/saeid/libmsr/demoapps/powmon/install-sh'
libdir='${exec_prefix}/lib'
libexecdir='${exec_prefix}/libexec'
localedir='${datarootdir}/locale'
localstatedir='${prefix}/var'
mandir='${datarootdir}/man'
mkdir_p='$(MKDIR_P)'
oldincludedir='/usr/include'
pdfdir='${docdir}'
prefix='/usr/local'
program_transform_name='s,x,x,'
psdir='${docdir}'
sbindir='${exec_prefix}/sbin'
sharedstatedir='${prefix}/com'
sysconfdir='${prefix}/etc'
target_alias=''

## ----------- ##
## confdefs.h. ##
## ----------- ##

/* confdefs.h */
#define PACKAGE_NAME "powmon"
#define PACKAGE_TARNAME "powmon"
#define PACKAGE_VERSION "1.1.b"
#define PACKAGE_STRING "powmon 1.1.b"
#define PACKAGE_BUGREPORT "dellswor@cs.uoregon.edu"
#define PACKAGE_URL ""
#define PACKAGE "powmon"
#define VERSION "1.1.b"
#define STDC_HEADERS 1
#define HAVE_SYS_TYPES_H 1
#define HAVE_SYS_STAT_H 1
#define HAVE_STDLIB_H 1
#define HAVE_STRING_H 1
#define HAVE_MEMORY_H 1
#define HAVE_STRINGS_H 1
#define HAVE_INTTYPES_H 1
#define HAVE_STDINT_H 1
#define HAVE_UNISTD_H 1

configure: exit 0
